Using pre-set license
Built from '2020.2/release' branch; Version is '2020.2.2f1 (068178b99f32) revision 426360'; Using compiler version '192528614'; Build Type 'Release'
OS: 'Windows 10 Home; OS build 19041.985; Version 2004; 64bit' Language: 'en' Physical Memory: 16330 MB
BatchMode: 1, IsHumanControllingUs: 0, StartBugReporterOnCrash: 0, Is64bit: 1, IsPro: 0

 COMMAND LINE ARGUMENTS:
C:\Program Files\Unity\Hub\Editor\2020.2.2f1\Editor\Unity.exe
-adb2
-batchMode
-noUpm
-name
AssetImportWorker0
-projectPath
E:/Documents/GitRepos/Gold/Gold
-logFile
Logs/AssetImportWorker0.log
-srvPort
60750
Successfully changed project path to: E:/Documents/GitRepos/Gold/Gold
E:/Documents/GitRepos/Gold/Gold
Using Asset Import Pipeline V2.
Refreshing native plugins compatible for Editor in 30.60 ms, found 0 plugins.
Preloading 0 native plugins for Editor in 0.00 ms.
Initialize engine version: 2020.2.2f1 (068178b99f32)
[Subsystems] Discovering subsystems at path C:/Program Files/Unity/Hub/Editor/2020.2.2f1/Editor/Data/Resources/UnitySubsystems
[Subsystems] Discovering subsystems at path E:/Documents/GitRepos/Gold/Gold/Assets
GfxDevice: creating device client; threaded=0
Direct3D:
    Version:  Direct3D 11.0 [level 11.1]
    Renderer: NVIDIA GeForce GTX 1060 6GB (ID=0x1c03)
    Vendor:   
    VRAM:     6052 MB
    Driver:   27.21.14.6140
Initialize mono
Mono path[0] = 'C:/Program Files/Unity/Hub/Editor/2020.2.2f1/Editor/Data/Managed'
Mono path[1] = 'C:/Program Files/Unity/Hub/Editor/2020.2.2f1/Editor/Data/MonoBleedingEdge/lib/mono/unityjit'
Mono config path = 'C:/Program Files/Unity/Hub/Editor/2020.2.2f1/Editor/Data/MonoBleedingEdge/etc'
Using monoOptions --debugger-agent=transport=dt_socket,embedding=1,server=y,suspend=n,address=127.0.0.1:56348
Begin MonoManager ReloadAssembly
Registering precompiled unity dll's ...
Register platform support module: C:/Program Files/Unity/Hub/Editor/2020.2.2f1/Editor/Data/PlaybackEngines/WebGLSupport/UnityEditor.WebGL.Extensions.dll
Register platform support module: C:/Program Files/Unity/Hub/Editor/2020.2.2f1/Editor/Data/PlaybackEngines/MacStandaloneSupport/UnityEditor.OSXStandalone.Extensions.dll
Register platform support module: C:/Program Files/Unity/Hub/Editor/2020.2.2f1/Editor/Data/PlaybackEngines/WindowsStandaloneSupport/UnityEditor.WindowsStandalone.Extensions.dll
Register platform support module: C:/Program Files/Unity/Hub/Editor/2020.2.2f1/Editor/Data/PlaybackEngines/LinuxStandaloneSupport/UnityEditor.LinuxStandalone.Extensions.dll
Register platform support module: C:/Program Files/Unity/Hub/Editor/2020.2.2f1/Editor/Data/PlaybackEngines/LuminSupport/UnityEditor.Lumin.Extensions.dll
Registered in 0.004034 seconds.
Native extension for Lumin target not found
Native extension for LinuxStandalone target not found
Native extension for WindowsStandalone target not found
Native extension for OSXStandalone target not found
Native extension for WebGL target not found
Refreshing native plugins compatible for Editor in 30.41 ms, found 0 plugins.
Preloading 0 native plugins for Editor in 0.00 ms.
Invoked RoslynAnalysisRunner static constructor.
RoslynAnalysisRunner will not be running.
RoslynAnalysisRunner has terminated.
Mono: successfully reloaded assembly
- Completed reload, in  2.381 seconds
Platform modules already initialized, skipping
Registering precompiled user dll's ...
Registered in 0.000968 seconds.
Begin MonoManager ReloadAssembly
Native extension for Lumin target not found
Native extension for LinuxStandalone target not found
Native extension for WindowsStandalone target not found
Native extension for OSXStandalone target not found
Native extension for WebGL target not found
Refreshing native plugins compatible for Editor in 0.23 ms, found 0 plugins.
Preloading 0 native plugins for Editor in 0.00 ms.
Invoked RoslynAnalysisRunner static constructor.
RoslynAnalysisRunner will not be running.
RoslynAnalysisRunner has terminated.
Mono: successfully reloaded assembly
- Completed reload, in  1.850 seconds
Platform modules already initialized, skipping
========================================================================
Worker process is ready to serve import requests
Launched and connected shader compiler UnityShaderCompiler.exe after 0.24 seconds
Refreshing native plugins compatible for Editor in 0.24 ms, found 0 plugins.
Preloading 0 native plugins for Editor in 0.00 ms.
Unloading 1485 Unused Serialized files (Serialized files now loaded: 0)
System memory in use before: 76.9 MB.
System memory in use after: 76.9 MB.

Unloading 10 unused Assets to reduce memory usage. Loaded Objects now: 1928.
Total: 2.283600 ms (FindLiveObjects: 0.238400 ms CreateObjectMapping: 0.077000 ms MarkObjects: 1.891700 ms  DeleteObjects: 0.075000 ms)

========================================================================
Received Import Request.
  path: Assets/Animations/GalaxyController.controller
  artifactKey: Guid(06f1cd515ea2708469193c574b1ab349) Importer(815301076,1909f56bfc062723c751e8b465ee728b)
Start importing Assets/Animations/GalaxyController.controller using Guid(06f1cd515ea2708469193c574b1ab349) Importer(815301076,1909f56bfc062723c751e8b465ee728b)  -> (artifact id: '3bf582fdf3586d449e37ab4b8e14ebc1') in 0.049761 seconds
  Import took 0.053413 seconds .

========================================================================
Received Import Request.
  Time since last request: 9221.008242 seconds.
  path: Assets/Textures
  artifactKey: Guid(91e397b9c5dcbaf4eb16ea166ca02d3f) Importer(815301076,1909f56bfc062723c751e8b465ee728b)
Start importing Assets/Textures using Guid(91e397b9c5dcbaf4eb16ea166ca02d3f) Importer(815301076,1909f56bfc062723c751e8b465ee728b)  -> (artifact id: '773297a9472fd1b46e0b9af4c0d70fdf') in 0.009970 seconds
  Import took 0.064094 seconds .

========================================================================
Received Import Request.
  Time since last request: 278.063190 seconds.
  path: Assets/Textures/GalaxyTexture.png
  artifactKey: Guid(3c97363b42722b94fa1841424ed99a8e) Importer(815301076,1909f56bfc062723c751e8b465ee728b)
Start importing Assets/Textures/GalaxyTexture.png using Guid(3c97363b42722b94fa1841424ed99a8e) Importer(815301076,1909f56bfc062723c751e8b465ee728b)  -> (artifact id: '2dff86caa0a1983a13c7a6c9474b8270') in 0.132164 seconds
  Import took 0.135328 seconds .

========================================================================
Received Import Request.
  Time since last request: 90.778949 seconds.
  path: Assets/Models/Galaxy.fbx
  artifactKey: Guid(30e2003c99febd344a25886dc9d28933) Importer(815301076,1909f56bfc062723c751e8b465ee728b)
Start importing Assets/Models/Galaxy.fbx using Guid(30e2003c99febd344a25886dc9d28933) Importer(815301076,1909f56bfc062723c751e8b465ee728b)  -> (artifact id: 'cabd687e79f992f6f621b40bd4496e47') in 0.309226 seconds
  Import took 0.312282 seconds .

========================================================================
Received Import Request.
  Time since last request: 176.858481 seconds.
  path: Assets/WorldMaterialsFree/Resource Files/DryRockyDirt/DryRockyDirt_Albedo.png
  artifactKey: Guid(133dc91bc0027424f846f4cff389cb9f) Importer(815301076,1909f56bfc062723c751e8b465ee728b)
Start importing Assets/WorldMaterialsFree/Resource Files/DryRockyDirt/DryRockyDirt_Albedo.png using Guid(133dc91bc0027424f846f4cff389cb9f) Importer(815301076,1909f56bfc062723c751e8b465ee728b)  -> (artifact id: 'ad399abf7b3fd8ae6593d048e2fb0498') in 0.035642 seconds
  Import took 0.039323 seconds .

========================================================================
Received Import Request.
  Time since last request: 0.000256 seconds.
  path: Assets/WorldMaterialsFree/Resource Files/DryRockyDirt/DryRockyDirt_YFliped_Normal.png
  artifactKey: Guid(185ea4de8a5e15446a84d3e1a0e26db9) Importer(815301076,1909f56bfc062723c751e8b465ee728b)
Start importing Assets/WorldMaterialsFree/Resource Files/DryRockyDirt/DryRockyDirt_YFliped_Normal.png using Guid(185ea4de8a5e15446a84d3e1a0e26db9) Importer(815301076,1909f56bfc062723c751e8b465ee728b)  -> (artifact id: '754cf415eaf1a940f1596028544a8e4a') in 0.030461 seconds
  Import took 0.033340 seconds .

========================================================================
Received Import Request.
  Time since last request: 0.000183 seconds.
  path: Assets/WorldMaterialsFree/Resource Files/DryRockyDirt/DryRockyDirt_Normal.png
  artifactKey: Guid(2161ba133e4339643a2a41e132531c56) Importer(815301076,1909f56bfc062723c751e8b465ee728b)
Start importing Assets/WorldMaterialsFree/Resource Files/DryRockyDirt/DryRockyDirt_Normal.png using Guid(2161ba133e4339643a2a41e132531c56) Importer(815301076,1909f56bfc062723c751e8b465ee728b)  -> (artifact id: '20880f428cdf12dcb5b82652630d28bd') in 0.062556 seconds
  Import took 0.066192 seconds .

========================================================================
Received Import Request.
  Time since last request: 0.000200 seconds.
  path: Assets/WorldMaterialsFree/Resource Files/DryRockyDirt/DryRockyDirt_AO.png
  artifactKey: Guid(d48b0ca5ba64be44396e2336c27b3c4b) Importer(815301076,1909f56bfc062723c751e8b465ee728b)
Start importing Assets/WorldMaterialsFree/Resource Files/DryRockyDirt/DryRockyDirt_AO.png using Guid(d48b0ca5ba64be44396e2336c27b3c4b) Importer(815301076,1909f56bfc062723c751e8b465ee728b)  -> (artifact id: 'c8ee2d6bc998effe7911796d4a927b71') in 0.029432 seconds
  Import took 0.033022 seconds .

========================================================================
Received Import Request.
  Time since last request: 0.000636 seconds.
  path: Assets/WorldMaterialsFree/Resource Files/DryRockyDirt/DryRockyDirt_Roughness.png
  artifactKey: Guid(8a0169be06eccdc43b8f13fe7f4a0a75) Importer(815301076,1909f56bfc062723c751e8b465ee728b)
Start importing Assets/WorldMaterialsFree/Resource Files/DryRockyDirt/DryRockyDirt_Roughness.png using Guid(8a0169be06eccdc43b8f13fe7f4a0a75) Importer(815301076,1909f56bfc062723c751e8b465ee728b)  -> (artifact id: '6ea4a51337551c319bfa288d86105488') in 0.031615 seconds
  Import took 0.040430 seconds .

========================================================================
Received Import Request.
  Time since last request: 0.000172 seconds.
  path: Assets/WorldMaterialsFree/Resource Files/DryRockyDirt/DryRockyDirt_Smoothness.png
  artifactKey: Guid(ae834f1f24a1f1f459d07aae04d05eb1) Importer(815301076,1909f56bfc062723c751e8b465ee728b)
Start importing Assets/WorldMaterialsFree/Resource Files/DryRockyDirt/DryRockyDirt_Smoothness.png using Guid(ae834f1f24a1f1f459d07aae04d05eb1) Importer(815301076,1909f56bfc062723c751e8b465ee728b)  -> (artifact id: '7081b7dbd6311e18bca1ffee0ef9623e') in 0.022863 seconds
  Import took 0.026107 seconds .

========================================================================
Received Import Request.
  Time since last request: 0.000177 seconds.
  path: Assets/WorldMaterialsFree/Resource Files/DryRockyDirt/DryRockyDirt_Albedo.png
  artifactKey: Guid(133dc91bc0027424f846f4cff389cb9f) Importer(815301076,1909f56bfc062723c751e8b465ee728b)
Start importing Assets/WorldMaterialsFree/Resource Files/DryRockyDirt/DryRockyDirt_Albedo.png using Guid(133dc91bc0027424f846f4cff389cb9f) Importer(815301076,1909f56bfc062723c751e8b465ee728b)  -> (artifact id: 'ad399abf7b3fd8ae6593d048e2fb0498') in 0.014069 seconds
  Import took 0.018459 seconds .

========================================================================
Received Import Request.
  Time since last request: 0.000184 seconds.
  path: Assets/WorldMaterialsFree/Resource Files/DryRockyDirt/DryRockyDirt_Height.png
  artifactKey: Guid(df3add141d9bccf4e97ff6ab6c319438) Importer(815301076,1909f56bfc062723c751e8b465ee728b)
Start importing Assets/WorldMaterialsFree/Resource Files/DryRockyDirt/DryRockyDirt_Height.png using Guid(df3add141d9bccf4e97ff6ab6c319438) Importer(815301076,1909f56bfc062723c751e8b465ee728b)  -> (artifact id: '51a25f635a83caac0001f09a21e18ae4') in 0.013753 seconds
  Import took 0.019596 seconds .

========================================================================
Received Import Request.
  Time since last request: 1.070282 seconds.
  path: Assets/Stylized Grass Texture/Textures/Vol_42_1_Ambient_Occlusion.png
  artifactKey: Guid(33ba5140ff8350742a9be1b79eeefd82) Importer(815301076,1909f56bfc062723c751e8b465ee728b)
Start importing Assets/Stylized Grass Texture/Textures/Vol_42_1_Ambient_Occlusion.png using Guid(33ba5140ff8350742a9be1b79eeefd82) Importer(815301076,1909f56bfc062723c751e8b465ee728b)  -> (artifact id: '873c127111c07720e1bf5b44a7931ba8') in 0.011891 seconds
  Import took 0.014573 seconds .

========================================================================
Received Import Request.
  Time since last request: 0.000262 seconds.
  path: Assets/Stylized Grass Texture/Textures/Vol_42_1_Base_Color.png
  artifactKey: Guid(b900361e13e6eaa44963cb851faf3ed3) Importer(815301076,1909f56bfc062723c751e8b465ee728b)
Start importing Assets/Stylized Grass Texture/Textures/Vol_42_1_Base_Color.png using Guid(b900361e13e6eaa44963cb851faf3ed3) Importer(815301076,1909f56bfc062723c751e8b465ee728b)  -> (artifact id: 'f81e3952e2d333352c572a28d17a1ff4') in 0.015168 seconds
  Import took 0.017644 seconds .

========================================================================
Received Import Request.
  Time since last request: 0.046177 seconds.
  path: Assets/Stylized Grass Texture/Textures/Vol_42_1_Height.png
  artifactKey: Guid(c24c005cb31b0514a85361709b63fa93) Importer(815301076,1909f56bfc062723c751e8b465ee728b)
Start importing Assets/Stylized Grass Texture/Textures/Vol_42_1_Height.png using Guid(c24c005cb31b0514a85361709b63fa93) Importer(815301076,1909f56bfc062723c751e8b465ee728b)  -> (artifact id: '99cd2e83ee67db462fa7af0f7f0788cb') in 0.010164 seconds
  Import took 0.012955 seconds .

========================================================================
Received Import Request.
  Time since last request: 0.000160 seconds.
  path: Assets/Stylized Grass Texture/Textures/Vol_42_1_Normal.png
  artifactKey: Guid(9e91cd5bde426714d9f0ef165f143d7c) Importer(815301076,1909f56bfc062723c751e8b465ee728b)
Start importing Assets/Stylized Grass Texture/Textures/Vol_42_1_Normal.png using Guid(9e91cd5bde426714d9f0ef165f143d7c) Importer(815301076,1909f56bfc062723c751e8b465ee728b)  -> (artifact id: '49d71a3af2cbc35172283afa4b97fe4d') in 0.019675 seconds
  Import took 0.022256 seconds .

========================================================================
Received Import Request.
  Time since last request: 0.259943 seconds.
  path: Assets/Stylized Grass Texture/Textures/Vol_42_1_Roughness.png
  artifactKey: Guid(7c71c756b680c1a47b27345dccbbc51f) Importer(815301076,1909f56bfc062723c751e8b465ee728b)
Start importing Assets/Stylized Grass Texture/Textures/Vol_42_1_Roughness.png using Guid(7c71c756b680c1a47b27345dccbbc51f) Importer(815301076,1909f56bfc062723c751e8b465ee728b)  -> (artifact id: '15f8ed6217988ecc6ce695392f4cf075') in 0.011045 seconds
  Import took 0.013942 seconds .

========================================================================
Received Import Request.
  Time since last request: 261.755794 seconds.
  path: Assets/WorldMaterialsFree
  artifactKey: Guid(6380a4c560398564aae233bdce336f6f) Importer(815301076,1909f56bfc062723c751e8b465ee728b)
Start importing Assets/WorldMaterialsFree using Guid(6380a4c560398564aae233bdce336f6f) Importer(815301076,1909f56bfc062723c751e8b465ee728b)  -> (artifact id: '6145bbabe276cdc716d134e452fc727b') in 0.007369 seconds
  Import took 0.010279 seconds .

========================================================================
Received Prepare
Registering precompiled user dll's ...
Registered in 0.001686 seconds.
Begin MonoManager ReloadAssembly
Native extension for Lumin target not found
Native extension for LinuxStandalone target not found
Native extension for WindowsStandalone target not found
Native extension for OSXStandalone target not found
Native extension for WebGL target not found
Refreshing native plugins compatible for Editor in 0.28 ms, found 0 plugins.
Preloading 0 native plugins for Editor in 0.00 ms.
Invoked RoslynAnalysisRunner static constructor.
RoslynAnalysisRunner will not be running.
RoslynAnalysisRunner has terminated.
Mono: successfully reloaded assembly
- Completed reload, in  4.050 seconds
Platform modules already initialized, skipping
Refreshing native plugins compatible for Editor in 0.27 ms, found 0 plugins.
Preloading 0 native plugins for Editor in 0.00 ms.
Unloading 1475 Unused Serialized files (Serialized files now loaded: 0)
System memory in use before: 91.3 MB.
System memory in use after: 91.4 MB.

Unloading 5 unused Assets to reduce memory usage. Loaded Objects now: 1977.
Total: 5.871200 ms (FindLiveObjects: 0.205800 ms CreateObjectMapping: 0.260900 ms MarkObjects: 5.361900 ms  DeleteObjects: 0.041000 ms)

========================================================================
Received Import Request.
  Time since last request: 648.971297 seconds.
  path: Assets/Prefabs/Galaxy.prefab
  artifactKey: Guid(b2df2f6ac0bdca743838a3db7dd20606) Importer(815301076,1909f56bfc062723c751e8b465ee728b)
Start importing Assets/Prefabs/Galaxy.prefab using Guid(b2df2f6ac0bdca743838a3db7dd20606) Importer(815301076,1909f56bfc062723c751e8b465ee728b)  -> (artifact id: '7eb9808dc376c47d935ac1f11bae28ba') in 0.093539 seconds
  Import took 0.096981 seconds .

========================================================================
Received Import Request.
  Time since last request: 1.993829 seconds.
  path: Assets/Prefabs/Floor.prefab
  artifactKey: Guid(30437df6ed3e84d4cb73467bb8e8811e) Importer(815301076,1909f56bfc062723c751e8b465ee728b)
Start importing Assets/Prefabs/Floor.prefab using Guid(30437df6ed3e84d4cb73467bb8e8811e) Importer(815301076,1909f56bfc062723c751e8b465ee728b)  -> (artifact id: 'f77aff4e183bfbc0a54b5f0f7c764180') in 0.342010 seconds
  Import took 0.344548 seconds .

========================================================================
Received Import Request.
  Time since last request: 0.645555 seconds.
  path: Assets/Prefabs/Player.prefab
  artifactKey: Guid(9e2e5cd3defe2f1428522d2f9f009d1b) Importer(815301076,1909f56bfc062723c751e8b465ee728b)
Start importing Assets/Prefabs/Player.prefab using Guid(9e2e5cd3defe2f1428522d2f9f009d1b) Importer(815301076,1909f56bfc062723c751e8b465ee728b)  -> (artifact id: 'a5d98492caf333bbae84165f117183b4') in 0.038637 seconds
  Import took 0.042296 seconds .

========================================================================
Received Import Request.
  Time since last request: 6.140459 seconds.
  path: Assets/Prefabs/Enemy.prefab
  artifactKey: Guid(b2df2f6ac0bdca743838a3db7dd20606) Importer(815301076,1909f56bfc062723c751e8b465ee728b)
Start importing Assets/Prefabs/Enemy.prefab using Guid(b2df2f6ac0bdca743838a3db7dd20606) Importer(815301076,1909f56bfc062723c751e8b465ee728b)  -> (artifact id: 'ab14c243875438cf58e0189150d6ada1') in 0.027447 seconds
  Import took 0.030276 seconds .

AssetImportWorkerClient::OnTransportError - code=2 error=End of file
